<?xml version="1.0" encoding="UTF-8"?>
<testng-results skipped="0" failed="0" total="1" passed="1">
  <reporter-output>
  </reporter-output>
  <suite name="Default suite" duration-ms="25404" started-at="2019-11-28T07:39:35Z" finished-at="2019-11-28T07:40:00Z">
    <groups>
    </groups>
    <test name="Default test" duration-ms="25404" started-at="2019-11-28T07:39:35Z" finished-at="2019-11-28T07:40:00Z">
      <class name="DriverClass.DriverScript">
        <test-method status="PASS" signature="main()[pri:0, instance:DriverClass.DriverScript@1753acfe]" name="main" duration-ms="25372" started-at="2019-11-28T13:09:35Z" finished-at="2019-11-28T13:10:00Z">
          <reporter-output>
          </reporter-output>
        </test-method> <!-- main -->
      </class> <!-- DriverClass.DriverScript -->
    </test> <!-- Default test -->
  </suite> <!-- Default suite -->
</testng-results>
